Apr 26, 2017 7:30:30 AM org.apache.catalina.core.ApplicationContext log
INFO: ContextListener: contextInitialized()
Apr 26, 2017 7:30:30 AM org.apache.catalina.core.ApplicationContext log
INFO: SessionListener: contextInitialized()
Apr 26, 2017 7:30:30 AM org.apache.catalina.core.ApplicationContext log
INFO: ContextListener: attributeAdded('org.apache.jasper.compiler.TldLocationsCache', 'org.apache.jasper.compiler.TldLocationsCache@689e63a5')
Apr 26, 2017 7:30:36 AM org.apache.catalina.core.ApplicationContext log
INFO: SessionListener: contextDestroyed()
Apr 26, 2017 7:30:36 AM org.apache.catalina.core.ApplicationContext log
INFO: ContextListener: contextDestroyed()
Apr 26, 2017 7:30:50 AM org.apache.catalina.core.ApplicationContext log
INFO: ContextListener: contextInitialized()
Apr 26, 2017 7:30:50 AM org.apache.catalina.core.ApplicationContext log
INFO: SessionListener: contextInitialized()
Apr 26, 2017 7:30:50 AM org.apache.catalina.core.ApplicationContext log
INFO: ContextListener: attributeAdded('org.apache.jasper.compiler.TldLocationsCache', 'org.apache.jasper.compiler.TldLocationsCache@17d936e4')
Apr 26, 2017 8:06:35 AM org.apache.catalina.core.ApplicationContext log
INFO: SessionListener: contextDestroyed()
Apr 26, 2017 8:06:35 AM org.apache.catalina.core.ApplicationContext log
INFO: ContextListener: contextDestroyed()
